<?xml version="1.0" encoding="UTF-8"?>
<testsuite xmlns:xsi="http://www.w3.org/2001/XMLSchema-instance" xsi:noNamespaceSchemaLocation="https://maven.apache.org/surefire/maven-surefire-plugin/xsd/surefire-test-report.xsd" name="com.exercises.javase.JavaSeApplicationTests" time="1.535" tests="1" errors="0" skipped="0" failures="0">
  <properties>
    <property name="sun.desktop" value="windows"/>
    <property name="awt.toolkit" value="sun.awt.windows.WToolkit"/>
    <property name="file.encoding.pkg" value="sun.io"/>
    <property name="java.specification.version" value="1.8"/>
    <property name="sun.cpu.isalist" value="amd64"/>
    <property name="sun.jnu.encoding" value="Cp1252"/>
    <property name="java.class.path" value="D:\WorkSpace\Java\2006\JavaSE\target\test-classes;D:\WorkSpace\Java\2006\JavaSE\target\classes;C:\Users\leo10\.m2\repository-apx\org\springframework\boot\spring-boot-starter\2.5.7\spring-boot-starter-2.5.7.jar;C:\Users\leo10\.m2\repository-apx\org\springframework\boot\spring-boot\2.5.7\spring-boot-2.5.7.jar;C:\Users\leo10\.m2\repository-apx\org\springframework\spring-context\5.3.13\spring-context-5.3.13.jar;C:\Users\leo10\.m2\repository-apx\org\springframework\spring-aop\5.3.13\spring-aop-5.3.13.jar;C:\Users\leo10\.m2\repository-apx\org\springframework\spring-beans\5.3.13\spring-beans-5.3.13.jar;C:\Users\leo10\.m2\repository-apx\org\springframework\spring-expression\5.3.13\spring-expression-5.3.13.jar;C:\Users\leo10\.m2\repository-apx\org\springframework\boot\spring-boot-autoconfigure\2.5.7\spring-boot-autoconfigure-2.5.7.jar;C:\Users\leo10\.m2\repository-apx\org\springframework\boot\spring-boot-starter-logging\2.5.7\spring-boot-starter-logging-2.5.7.jar;C:\Users\leo10\.m2\repository-apx\ch\qos\logback\logback-classic\1.2.7\logback-classic-1.2.7.jar;C:\Users\leo10\.m2\repository-apx\ch\qos\logback\logback-core\1.2.7\logback-core-1.2.7.jar;C:\Users\leo10\.m2\repository-apx\org\apache\logging\log4j\log4j-to-slf4j\2.14.1\log4j-to-slf4j-2.14.1.jar;C:\Users\leo10\.m2\repository-apx\org\apache\logging\log4j\log4j-api\2.14.1\log4j-api-2.14.1.jar;C:\Users\leo10\.m2\repository-apx\org\slf4j\jul-to-slf4j\1.7.32\jul-to-slf4j-1.7.32.jar;C:\Users\leo10\.m2\repository-apx\jakarta\annotation\jakarta.annotation-api\1.3.5\jakarta.annotation-api-1.3.5.jar;C:\Users\leo10\.m2\repository-apx\org\springframework\spring-core\5.3.13\spring-core-5.3.13.jar;C:\Users\leo10\.m2\repository-apx\org\springframework\spring-jcl\5.3.13\spring-jcl-5.3.13.jar;C:\Users\leo10\.m2\repository-apx\org\yaml\snakeyaml\1.28\snakeyaml-1.28.jar;C:\Users\leo10\.m2\repository-apx\org\springframework\boot\spring-boot-starter-test\2.5.7\spring-boot-starter-test-2.5.7.jar;C:\Users\leo10\.m2\repository-apx\org\springframework\boot\spring-boot-test\2.5.7\spring-boot-test-2.5.7.jar;C:\Users\leo10\.m2\repository-apx\org\springframework\boot\spring-boot-test-autoconfigure\2.5.7\spring-boot-test-autoconfigure-2.5.7.jar;C:\Users\leo10\.m2\repository-apx\com\jayway\jsonpath\json-path\2.5.0\json-path-2.5.0.jar;C:\Users\leo10\.m2\repository-apx\net\minidev\json-smart\2.4.7\json-smart-2.4.7.jar;C:\Users\leo10\.m2\repository-apx\net\minidev\accessors-smart\2.4.7\accessors-smart-2.4.7.jar;C:\Users\leo10\.m2\repository-apx\org\ow2\asm\asm\9.1\asm-9.1.jar;C:\Users\leo10\.m2\repository-apx\org\slf4j\slf4j-api\1.7.32\slf4j-api-1.7.32.jar;C:\Users\leo10\.m2\repository-apx\jakarta\xml\bind\jakarta.xml.bind-api\2.3.3\jakarta.xml.bind-api-2.3.3.jar;C:\Users\leo10\.m2\repository-apx\jakarta\activation\jakarta.activation-api\1.2.2\jakarta.activation-api-1.2.2.jar;C:\Users\leo10\.m2\repository-apx\org\assertj\assertj-core\3.19.0\assertj-core-3.19.0.jar;C:\Users\leo10\.m2\repository-apx\org\hamcrest\hamcrest\2.2\hamcrest-2.2.jar;C:\Users\leo10\.m2\repository-apx\org\junit\jupiter\junit-jupiter\5.7.2\junit-jupiter-5.7.2.jar;C:\Users\leo10\.m2\repository-apx\org\junit\jupiter\junit-jupiter-api\5.7.2\junit-jupiter-api-5.7.2.jar;C:\Users\leo10\.m2\repository-apx\org\apiguardian\apiguardian-api\1.1.0\apiguardian-api-1.1.0.jar;C:\Users\leo10\.m2\repository-apx\org\opentest4j\opentest4j\1.2.0\opentest4j-1.2.0.jar;C:\Users\leo10\.m2\repository-apx\org\junit\platform\junit-platform-commons\1.7.2\junit-platform-commons-1.7.2.jar;C:\Users\leo10\.m2\repository-apx\org\junit\jupiter\junit-jupiter-params\5.7.2\junit-jupiter-params-5.7.2.jar;C:\Users\leo10\.m2\repository-apx\org\junit\jupiter\junit-jupiter-engine\5.7.2\junit-jupiter-engine-5.7.2.jar;C:\Users\leo10\.m2\repository-apx\org\junit\platform\junit-platform-engine\1.7.2\junit-platform-engine-1.7.2.jar;C:\Users\leo10\.m2\repository-apx\org\mockito\mockito-core\3.9.0\mockito-core-3.9.0.jar;C:\Users\leo10\.m2\repository-apx\net\bytebuddy\byte-buddy\1.10.22\byte-buddy-1.10.22.jar;C:\Users\leo10\.m2\repository-apx\net\bytebuddy\byte-buddy-agent\1.10.22\byte-buddy-agent-1.10.22.jar;C:\Users\leo10\.m2\repository-apx\org\objenesis\objenesis\3.2\objenesis-3.2.jar;C:\Users\leo10\.m2\repository-apx\org\mockito\mockito-junit-jupiter\3.9.0\mockito-junit-jupiter-3.9.0.jar;C:\Users\leo10\.m2\repository-apx\org\skyscreamer\jsonassert\1.5.0\jsonassert-1.5.0.jar;C:\Users\leo10\.m2\repository-apx\com\vaadin\external\google\android-json\0.0.20131108.vaadin1\android-json-0.0.20131108.vaadin1.jar;C:\Users\leo10\.m2\repository-apx\org\springframework\spring-test\5.3.13\spring-test-5.3.13.jar;C:\Users\leo10\.m2\repository-apx\org\xmlunit\xmlunit-core\2.8.3\xmlunit-core-2.8.3.jar;C:\Users\leo10\.m2\repository-apx\org\json\json\20210307\json-20210307.jar;C:\Users\leo10\.m2\repository-apx\com\google\code\gson\gson\2.8.5\gson-2.8.5.jar;C:\Users\leo10\.m2\repository-apx\com\fasterxml\jackson\core\jackson-databind\2.13.2.1\jackson-databind-2.13.2.1.jar;C:\Users\leo10\.m2\repository-apx\com\fasterxml\jackson\core\jackson-annotations\2.12.5\jackson-annotations-2.12.5.jar;C:\Users\leo10\.m2\repository-apx\com\fasterxml\jackson\core\jackson-core\2.12.5\jackson-core-2.12.5.jar;C:\Users\leo10\.m2\repository-apx\com\oracle\database\jdbc\ojdbc6\11.2.0.4\ojdbc6-11.2.0.4.jar;C:\Users\leo10\.m2\repository-apx\com\oracle\database\jdbc\ucp\21.1.0.0\ucp-21.1.0.0.jar;C:\Users\leo10\.m2\repository-apx\com\oracle\database\security\oraclepki\21.1.0.0\oraclepki-21.1.0.0.jar;C:\Users\leo10\.m2\repository-apx\com\oracle\database\security\osdt_cert\21.1.0.0\osdt_cert-21.1.0.0.jar;C:\Users\leo10\.m2\repository-apx\com\oracle\database\security\osdt_core\21.1.0.0\osdt_core-21.1.0.0.jar;C:\Users\leo10\.m2\repository-apx\com\oracle\database\ha\simplefan\21.1.0.0\simplefan-21.1.0.0.jar;C:\Users\leo10\.m2\repository-apx\com\oracle\database\ha\ons\21.1.0.0\ons-21.1.0.0.jar;"/>
    <property name="java.vm.vendor" value="Oracle Corporation"/>
    <property name="sun.arch.data.model" value="64"/>
    <property name="user.variant" value=""/>
    <property name="java.vendor.url" value="http://java.oracle.com/"/>
    <property name="user.timezone" value="America/Bogota"/>
    <property name="java.vm.specification.version" value="1.8"/>
    <property name="os.name" value="Windows 10"/>
    <property name="user.country" value="ES"/>
    <property name="sun.java.launcher" value="SUN_STANDARD"/>
    <property name="sun.boot.library.path" value="C:\Program Files\Java\jdk1.8.0_211\jre\bin"/>
    <property name="sun.java.command" value="C:\Users\leo10\AppData\Local\Temp\surefire3808263066681651147\surefirebooter1363258537756564153.jar C:\Users\leo10\AppData\Local\Temp\surefire3808263066681651147 2022-06-20T21-10-58_370-jvmRun1 surefire1809794187146617572tmp surefire_01282395455070340986tmp"/>
    <property name="surefire.test.class.path" value="D:\WorkSpace\Java\2006\JavaSE\target\test-classes;D:\WorkSpace\Java\2006\JavaSE\target\classes;C:\Users\leo10\.m2\repository-apx\org\springframework\boot\spring-boot-starter\2.5.7\spring-boot-starter-2.5.7.jar;C:\Users\leo10\.m2\repository-apx\org\springframework\boot\spring-boot\2.5.7\spring-boot-2.5.7.jar;C:\Users\leo10\.m2\repository-apx\org\springframework\spring-context\5.3.13\spring-context-5.3.13.jar;C:\Users\leo10\.m2\repository-apx\org\springframework\spring-aop\5.3.13\spring-aop-5.3.13.jar;C:\Users\leo10\.m2\repository-apx\org\springframework\spring-beans\5.3.13\spring-beans-5.3.13.jar;C:\Users\leo10\.m2\repository-apx\org\springframework\spring-expression\5.3.13\spring-expression-5.3.13.jar;C:\Users\leo10\.m2\repository-apx\org\springframework\boot\spring-boot-autoconfigure\2.5.7\spring-boot-autoconfigure-2.5.7.jar;C:\Users\leo10\.m2\repository-apx\org\springframework\boot\spring-boot-starter-logging\2.5.7\spring-boot-starter-logging-2.5.7.jar;C:\Users\leo10\.m2\repository-apx\ch\qos\logback\logback-classic\1.2.7\logback-classic-1.2.7.jar;C:\Users\leo10\.m2\repository-apx\ch\qos\logback\logback-core\1.2.7\logback-core-1.2.7.jar;C:\Users\leo10\.m2\repository-apx\org\apache\logging\log4j\log4j-to-slf4j\2.14.1\log4j-to-slf4j-2.14.1.jar;C:\Users\leo10\.m2\repository-apx\org\apache\logging\log4j\log4j-api\2.14.1\log4j-api-2.14.1.jar;C:\Users\leo10\.m2\repository-apx\org\slf4j\jul-to-slf4j\1.7.32\jul-to-slf4j-1.7.32.jar;C:\Users\leo10\.m2\repository-apx\jakarta\annotation\jakarta.annotation-api\1.3.5\jakarta.annotation-api-1.3.5.jar;C:\Users\leo10\.m2\repository-apx\org\springframework\spring-core\5.3.13\spring-core-5.3.13.jar;C:\Users\leo10\.m2\repository-apx\org\springframework\spring-jcl\5.3.13\spring-jcl-5.3.13.jar;C:\Users\leo10\.m2\repository-apx\org\yaml\snakeyaml\1.28\snakeyaml-1.28.jar;C:\Users\leo10\.m2\repository-apx\org\springframework\boot\spring-boot-starter-test\2.5.7\spring-boot-starter-test-2.5.7.jar;C:\Users\leo10\.m2\repository-apx\org\springframework\boot\spring-boot-test\2.5.7\spring-boot-test-2.5.7.jar;C:\Users\leo10\.m2\repository-apx\org\springframework\boot\spring-boot-test-autoconfigure\2.5.7\spring-boot-test-autoconfigure-2.5.7.jar;C:\Users\leo10\.m2\repository-apx\com\jayway\jsonpath\json-path\2.5.0\json-path-2.5.0.jar;C:\Users\leo10\.m2\repository-apx\net\minidev\json-smart\2.4.7\json-smart-2.4.7.jar;C:\Users\leo10\.m2\repository-apx\net\minidev\accessors-smart\2.4.7\accessors-smart-2.4.7.jar;C:\Users\leo10\.m2\repository-apx\org\ow2\asm\asm\9.1\asm-9.1.jar;C:\Users\leo10\.m2\repository-apx\org\slf4j\slf4j-api\1.7.32\slf4j-api-1.7.32.jar;C:\Users\leo10\.m2\repository-apx\jakarta\xml\bind\jakarta.xml.bind-api\2.3.3\jakarta.xml.bind-api-2.3.3.jar;C:\Users\leo10\.m2\repository-apx\jakarta\activation\jakarta.activation-api\1.2.2\jakarta.activation-api-1.2.2.jar;C:\Users\leo10\.m2\repository-apx\org\assertj\assertj-core\3.19.0\assertj-core-3.19.0.jar;C:\Users\leo10\.m2\repository-apx\org\hamcrest\hamcrest\2.2\hamcrest-2.2.jar;C:\Users\leo10\.m2\repository-apx\org\junit\jupiter\junit-jupiter\5.7.2\junit-jupiter-5.7.2.jar;C:\Users\leo10\.m2\repository-apx\org\junit\jupiter\junit-jupiter-api\5.7.2\junit-jupiter-api-5.7.2.jar;C:\Users\leo10\.m2\repository-apx\org\apiguardian\apiguardian-api\1.1.0\apiguardian-api-1.1.0.jar;C:\Users\leo10\.m2\repository-apx\org\opentest4j\opentest4j\1.2.0\opentest4j-1.2.0.jar;C:\Users\leo10\.m2\repository-apx\org\junit\platform\junit-platform-commons\1.7.2\junit-platform-commons-1.7.2.jar;C:\Users\leo10\.m2\repository-apx\org\junit\jupiter\junit-jupiter-params\5.7.2\junit-jupiter-params-5.7.2.jar;C:\Users\leo10\.m2\repository-apx\org\junit\jupiter\junit-jupiter-engine\5.7.2\junit-jupiter-engine-5.7.2.jar;C:\Users\leo10\.m2\repository-apx\org\junit\platform\junit-platform-engine\1.7.2\junit-platform-engine-1.7.2.jar;C:\Users\leo10\.m2\repository-apx\org\mockito\mockito-core\3.9.0\mockito-core-3.9.0.jar;C:\Users\leo10\.m2\repository-apx\net\bytebuddy\byte-buddy\1.10.22\byte-buddy-1.10.22.jar;C:\Users\leo10\.m2\repository-apx\net\bytebuddy\byte-buddy-agent\1.10.22\byte-buddy-agent-1.10.22.jar;C:\Users\leo10\.m2\repository-apx\org\objenesis\objenesis\3.2\objenesis-3.2.jar;C:\Users\leo10\.m2\repository-apx\org\mockito\mockito-junit-jupiter\3.9.0\mockito-junit-jupiter-3.9.0.jar;C:\Users\leo10\.m2\repository-apx\org\skyscreamer\jsonassert\1.5.0\jsonassert-1.5.0.jar;C:\Users\leo10\.m2\repository-apx\com\vaadin\external\google\android-json\0.0.20131108.vaadin1\android-json-0.0.20131108.vaadin1.jar;C:\Users\leo10\.m2\repository-apx\org\springframework\spring-test\5.3.13\spring-test-5.3.13.jar;C:\Users\leo10\.m2\repository-apx\org\xmlunit\xmlunit-core\2.8.3\xmlunit-core-2.8.3.jar;C:\Users\leo10\.m2\repository-apx\org\json\json\20210307\json-20210307.jar;C:\Users\leo10\.m2\repository-apx\com\google\code\gson\gson\2.8.5\gson-2.8.5.jar;C:\Users\leo10\.m2\repository-apx\com\fasterxml\jackson\core\jackson-databind\2.13.2.1\jackson-databind-2.13.2.1.jar;C:\Users\leo10\.m2\repository-apx\com\fasterxml\jackson\core\jackson-annotations\2.12.5\jackson-annotations-2.12.5.jar;C:\Users\leo10\.m2\repository-apx\com\fasterxml\jackson\core\jackson-core\2.12.5\jackson-core-2.12.5.jar;C:\Users\leo10\.m2\repository-apx\com\oracle\database\jdbc\ojdbc6\11.2.0.4\ojdbc6-11.2.0.4.jar;C:\Users\leo10\.m2\repository-apx\com\oracle\database\jdbc\ucp\21.1.0.0\ucp-21.1.0.0.jar;C:\Users\leo10\.m2\repository-apx\com\oracle\database\security\oraclepki\21.1.0.0\oraclepki-21.1.0.0.jar;C:\Users\leo10\.m2\repository-apx\com\oracle\database\security\osdt_cert\21.1.0.0\osdt_cert-21.1.0.0.jar;C:\Users\leo10\.m2\repository-apx\com\oracle\database\security\osdt_core\21.1.0.0\osdt_core-21.1.0.0.jar;C:\Users\leo10\.m2\repository-apx\com\oracle\database\ha\simplefan\21.1.0.0\simplefan-21.1.0.0.jar;C:\Users\leo10\.m2\repository-apx\com\oracle\database\ha\ons\21.1.0.0\ons-21.1.0.0.jar;"/>
    <property name="sun.cpu.endian" value="little"/>
    <property name="user.home" value="C:\Users\leo10"/>
    <property name="user.language" value="es"/>
    <property name="java.specification.vendor" value="Oracle Corporation"/>
    <property name="java.home" value="C:\Program Files\Java\jdk1.8.0_211\jre"/>
    <property name="basedir" value="D:\WorkSpace\Java\2006\JavaSE"/>
    <property name="file.separator" value="\"/>
    <property name="line.separator" value="&#10;"/>
    <property name="java.vm.specification.vendor" value="Oracle Corporation"/>
    <property name="java.specification.name" value="Java Platform API Specification"/>
    <property name="java.awt.graphicsenv" value="sun.awt.Win32GraphicsEnvironment"/>
    <property name="surefire.real.class.path" value="C:\Users\leo10\AppData\Local\Temp\surefire3808263066681651147\surefirebooter1363258537756564153.jar"/>
    <property name="sun.boot.class.path" value="C:\Program Files\Java\jdk1.8.0_211\jre\lib\resources.jar;C:\Program Files\Java\jdk1.8.0_211\jre\lib\rt.jar;C:\Program Files\Java\jdk1.8.0_211\jre\lib\sunrsasign.jar;C:\Program Files\Java\jdk1.8.0_211\jre\lib\jsse.jar;C:\Program Files\Java\jdk1.8.0_211\jre\lib\jce.jar;C:\Program Files\Java\jdk1.8.0_211\jre\lib\charsets.jar;C:\Program Files\Java\jdk1.8.0_211\jre\lib\jfr.jar;C:\Program Files\Java\jdk1.8.0_211\jre\classes"/>
    <property name="user.script" value=""/>
    <property name="sun.management.compiler" value="HotSpot 64-Bit Tiered Compilers"/>
    <property name="java.runtime.version" value="1.8.0_211-b12"/>
    <property name="user.name" value="leo10"/>
    <property name="path.separator" value=";"/>
    <property name="os.version" value="10.0"/>
    <property name="java.endorsed.dirs" value="C:\Program Files\Java\jdk1.8.0_211\jre\lib\endorsed"/>
    <property name="java.runtime.name" value="Java(TM) SE Runtime Environment"/>
    <property name="file.encoding" value="Cp1252"/>
    <property name="java.vm.name" value="Java HotSpot(TM) 64-Bit Server VM"/>
    <property name="localRepository" value="C:\Users\leo10\.m2\repository-apx"/>
    <property name="java.vendor.url.bug" value="http://bugreport.sun.com/bugreport/"/>
    <property name="java.io.tmpdir" value="C:\Users\leo10\AppData\Local\Temp\"/>
    <property name="idea.version" value="2021.2.2"/>
    <property name="java.version" value="1.8.0_211"/>
    <property name="user.dir" value="D:\WorkSpace\Java\2006\JavaSE"/>
    <property name="os.arch" value="amd64"/>
    <property name="java.vm.specification.name" value="Java Virtual Machine Specification"/>
    <property name="java.awt.printerjob" value="sun.awt.windows.WPrinterJob"/>
    <property name="sun.os.patch.level" value=""/>
    <property name="java.library.path" value="C:\Program Files\Java\jdk1.8.0_211\jre\bin;C:\WINDOWS\Sun\Java\bin;C:\WINDOWS\system32;C:\WINDOWS;C:\app\hr\product\12.2.0\dbhome_1\bin;C:\Program Files\Java\jdk1.8.0_211\bin;C:\Apache\apache-maven-3.5.4\bin;C:\Program Files\Java\jdk1.8.0_211\bin;C:\Program Files\AdoptOpenJDK\jdk-11.0.7.10-hotspot\bin;C:\WINDOWS\system32;C:\WINDOWS;C:\WINDOWS\System32\Wbem;C:\WINDOWS\System32\WindowsPowerShell\v1.0\;C:\WINDOWS\System32\OpenSSH\;C:\Program Files\MySQL\MySQL Utilities 1.6\;C:\Program Files\Microsoft SQL Server\120\Tools\Binn\;C:\Program Files\Microsoft SQL Server\Client SDK\ODBC\110\Tools\Binn\;C:\Program Files (x86)\Microsoft SQL Server\120\Tools\Binn\;C:\Program Files\Microsoft SQL Server\120\DTS\Binn\;C:\Program Files (x86)\Microsoft SQL Server\120\Tools\Binn\ManagementStudio\;C:\Program Files (x86)\Microsoft SQL Server\120\DTS\Binn\;C:\Program Files\Microsoft SQL Server\130\Tools\Binn\;C:\Program Files (x86)\Microsoft SQL Server\110\DTS\Binn\;C:\Program Files (x86)\Microsoft SQL Server\130\DTS\Binn\;C:\Program Files (x86)\Microsoft SQL Server\140\DTS\Binn\;C:\Program Files (x86)\Microsoft SQL Server\150\DTS\Binn\;C:\Program Files (x86)\Windows Kits\10\Windows Performance Toolkit\;C:\Program Files\dotnet\;C:\Program Files\PuTTY\;C:\Program Files\MongoDB\Server\4.2\bin;C:\Program Files (x86)\nodejs\;C:\Program Files\Git\cmd;;C:\Program Files\Docker\Docker\resources\bin;C:\ProgramData\DockerDesktop\version-bin;C:\Users\leo10\apx;C:\Users\leo10\apx;C:\Users\leo10\AppData\Roaming\npm;C:\Users\leo10\AppData\Local\Microsoft\WindowsApps;C:\Users\leo10\AppData\Local\Programs\Microsoft VS Code\bin;C:\Program Files\heroku\bin;C:\Users\leo10\AppData\Roaming\npm;;."/>
    <property name="java.vm.info" value="mixed mode"/>
    <property name="java.vendor" value="Oracle Corporation"/>
    <property name="java.vm.version" value="25.211-b12"/>
    <property name="java.ext.dirs" value="C:\Program Files\Java\jdk1.8.0_211\jre\lib\ext;C:\WINDOWS\Sun\Java\lib\ext"/>
    <property name="sun.io.unicode.encoding" value="UnicodeLittle"/>
    <property name="maven.repo.local" value="C:\Users\leo10\.m2\repository-apx"/>
    <property name="java.class.version" value="52.0"/>
  </properties>
  <testcase name="contextLoads" classname="com.exercises.javase.JavaSeApplicationTests" time="0.176"/>
</testsuite>